android/app/build/outputs/logs/manifest-merger-weilian-release-report.txt
-- Merging decision tree log ---
manifest
ADDED from src/main/AndroidManifest.xml:1:1-54:12
	package
		ADDED from src/main/AndroidManifest.xml:2:5-27
		INJECTED from src/main/AndroidManifest.xml
		INJECTED from src/main/AndroidManifest.xml
	android:versionName
		ADDED from src/main/AndroidManifest.xml:4:5-32
		INJECTED from src/main/AndroidManifest.xml
		INJECTED from src/main/AndroidManifest.xml
	android:versionCode
		ADDED from src/main/AndroidManifest.xml:3:5-28
		INJECTED from src/main/AndroidManifest.xml
		INJECTED from src/main/AndroidManifest.xml
	xmlns:android
		ADDED from src/main/AndroidManifest.xml:1:11-69
uses-permission#android.permission.ACCESS_NETWORK_STATE
ADDED from src/main/AndroidManifest.xml:6:5-79
MERGED from [physical:push:unspecified] AndroidManifest.xml:12:5-79
MERGED from [physical:umeng:unspecified] AndroidManifest.xml:11:5-79
MERGED from [physical:jpush-react-native:unspecified] AndroidManifest.xml:26:5-79
MERGED from [physical:react-native-network-info:unspecified] AndroidManifest.xml:12:5-79
	android:name
		ADDED from src/main/AndroidManifest.xml:6:22-76
uses-permission#android.permission.INTERNET
ADDED from src/main/AndroidManifest.xml:7:5-67
MERGED from [physical:push:unspecified] AndroidManifest.xml:11:5-67
MERGED from [physical:umeng:unspecified] AndroidManifest.xml:12:5-67
MERGED from [physical:jpush-react-native:unspecified] AndroidManifest.xml:18:5-67
MERGED from [physical:react-native-network-info:unspecified] AndroidManifest.xml:11:5-67
MERGED from [physical:react-native-code-push:unspecified] AndroidManifest.xml:11:5-67
	android:name
		ADDED from src/main/AndroidManifest.xml:7:22-64
uses-permission#android.permission.SYSTEM_ALERT_WINDOW
ADDED from src/main/AndroidManifest.xml:8:5-78
MERGED from [physical:push:unspecified] AndroidManifest.xml:26:5-78
MERGED from [physical:umeng:unspecified] AndroidManifest.xml:13:5-78
MERGED from [physical:umeng:unspecified] AndroidManifest.xml:27:5-78
MERGED from [physical:jpush-react-native:unspecified] AndroidManifest.xml:30:5-78
MERGED from [com.facebook.react:react-native:0.51.0] AndroidManifest.xml:11:5-78
	android:name
		ADDED from src/main/AndroidManifest.xml:8:22-75
uses-permission#android.permission.CAMERA
ADDED from src/main/AndroidManifest.xml:9:5-65
MERGED from [physical:umeng:unspecified] AndroidManifest.xml:14:5-65
	android:name
		ADDED from src/main/AndroidManifest.xml:9:22-62
uses-permission#android.permission.WRITE_EXTERNAL_STORAGE
ADDED from src/main/AndroidManifest.xml:10:5-81
MERGED from [physical:push:unspecified] AndroidManifest.xml:14:5-81
MERGED from [physical:umeng:unspecified] AndroidManifest.xml:15:5-81
MERGED from [physical:jpush-react-native:unspecified] AndroidManifest.xml:21:5-81
	android:name
		ADDED from src/main/AndroidManifest.xml:10:22-78
uses-permission#android.permission.ACCESS_WIFI_STATE
ADDED from src/main/AndroidManifest.xml:12:5-76
MERGED from [physical:push:unspecified] AndroidManifest.xml:13:5-76
MERGED from [physical:umeng:unspecified] AndroidManifest.xml:16:5-76
MERGED from [physical:jpush-react-native:unspecified] AndroidManifest.xml:27:5-76
MERGED from [physical:react-native-network-info:unspecified] AndroidManifest.xml:13:5-76
	android:name
		ADDED from src/main/AndroidManifest.xml:12:22-73
uses-permission#android.permission.READ_PHONE_STATE
ADDED from src/main/AndroidManifest.xml:13:5-75
MERGED from [physical:push:unspecified] AndroidManifest.xml:16:5-75
MERGED from [physical:umeng:unspecified] AndroidManifest.xml:17:5-75
MERGED from [physical:jpush-react-native:unspecified] AndroidManifest.xml:20:5-75
	android:name
		ADDED from src/main/AndroidManifest.xml:13:22-72
uses-permission#android.permission.READ_EXTERNAL_STORAGE
ADDED from src/main/AndroidManifest.xml:14:5-80
MERGED from [physical:umeng:unspecified] AndroidManifest.xml:18:5-80
MERGED from [physical:jpush-react-native:unspecified] AndroidManifest.xml:22:5-80
	android:name
		ADDED from src/main/AndroidManifest.xml:14:22-77
uses-permission#android.permission.READ_LOGS
ADDED from src/main/AndroidManifest.xml:15:5-68
MERGED from [physical:umeng:unspecified] AndroidManifest.xml:19:5-68
	android:name
		ADDED from src/main/AndroidManifest.xml:15:22-65
uses-permission#android.permission.CALL_PHONE
ADDED from src/main/AndroidManifest.xml:16:5-69
MERGED from [physical:umeng:unspecified] AndroidManifest.xml:20:5-69
	android:name
		ADDED from src/main/AndroidManifest.xml:16:22-66
uses-permission#android.permission.ACCESS_FINE_LOCATION
ADDED from src/main/AndroidManifest.xml:17:5-79
MERGED from [physical:umeng:unspecified] AndroidManifest.xml:21:5-79
MERGED from [physical:jpush-react-native:unspecified] AndroidManifest.xml:33:5-79
	android:name
		ADDED from src/main/AndroidManifest.xml:17:22-76
uses-permission#android.permission.ACCESS_COARSE_LOCATION
ADDED from src/main/AndroidManifest.xml:18:5-81
MERGED from [physical:umeng:unspecified] AndroidManifest.xml:22:5-81
MERGED from [physical:jpush-react-native:unspecified] AndroidManifest.xml:31:5-81
	android:name
		ADDED from src/main/AndroidManifest.xml:18:22-78
uses-permission#android.permission.GET_TASKS
ADDED from src/main/AndroidManifest.xml:23:5-68
MERGED from [physical:push:unspecified] AndroidManifest.xml:22:5-68
MERGED from [physical:umeng:unspecified] AndroidManifest.xml:25:5-68
MERGED from [physical:jpush-react-native:unspecified] AndroidManifest.xml:36:5-68
	android:name
		ADDED from src/main/AndroidManifest.xml:23:22-65
uses-permission#android.permission.SET_DEBUG_APP
ADDED from src/main/AndroidManifest.xml:24:5-72
MERGED from [physical:umeng:unspecified] AndroidManifest.xml:26:5-72
	android:name
		ADDED from src/main/AndroidManifest.xml:24:22-69
uses-permission#android.permission.GET_ACCOUNTS
ADDED from src/main/AndroidManifest.xml:26:5-71
MERGED from [physical:umeng:unspecified] AndroidManifest.xml:28:5-71
	android:name
		ADDED from src/main/AndroidManifest.xml:26:22-68
uses-permission#android.permission.USE_CREDENTIALS
ADDED from src/main/AndroidManifest.xml:27:5-74
MERGED from [physical:umeng:unspecified] AndroidManifest.xml:29:5-74
	android:name
		ADDED from src/main/AndroidManifest.xml:27:22-71
uses-permission#android.permission.ACCESS_LOCATION_EXTRA_COMMANDS
ADDED from src/main/AndroidManifest.xml:28:5-89
MERGED from [physical:umeng:unspecified] AndroidManifest.xml:30:5-89
MERGED from [physical:jpush-react-native:unspecified] AndroidManifest.xml:34:5-89
	android:name
		ADDED from src/main/AndroidManifest.xml:28:22-86
uses-sdk
ADDED from src/main/AndroidManifest.xml:30:5-32:41
MERGED from [physical:push:unspecified] AndroidManifest.xml:7:5-9:41
MERGED from [physical:umeng:unspecified] AndroidManifest.xml:7:5-9:41
MERGED from [com.android.support:multidex:1.0.3] AndroidManifest.xml:20:5-43
MERGED from [com.meituan.android.walle:library:1.1.6] AndroidManifest.xml:6:5-8:41
MERGED from [physical:jcore-react-native:unspecified] AndroidManifest.xml:7:5-9:41
MERGED from [physical:jpush-react-native:unspecified] AndroidManifest.xml:7:5-9:41
MERGED from [physical:react-native-spinkit:unspecified] AndroidManifest.xml:7:5-9:41
MERGED from [com.github.ybq:Android-SpinKit:1.1.0] AndroidManifest.xml:6:5-8:41
MERGED from [physical:react-native-network-info:unspecified] AndroidManifest.xml:7:5-9:41
MERGED from [physical:react-native-code-push:unspecified] AndroidManifest.xml:7:5-9:41
MERGED from [physical:react-native-fetch-blob:unspecified] AndroidManifest.xml:7:5-9:41
MERGED from [physical:react-native-linear-gradient:unspecified] AndroidManifest.xml:7:5-9:41
MERGED from [physical:react-native-vector-icons:unspecified] AndroidManifest.xml:7:5-9:41
MERGED from [com.facebook.react:react-native:0.51.0] AndroidManifest.xml:7:5-9:41
MERGED from [com.android.support:appcompat-v7:23.4.0] AndroidManifest.xml:21:5-23:78
MERGED from [com.android.support:animated-vector-drawable:23.4.0] AndroidManifest.xml:5:5-44
MERGED from [com.android.support:support-vector-drawable:23.4.0] AndroidManifest.xml:5:5-43
MERGED from [com.android.support:support-v4:23.4.0] AndroidManifest.xml:20:5-43
MERGED from [com.facebook.fbui.textlayoutbuilder:textlayoutbuilder:1.0.0] AndroidManifest.xml:14:5-16:41
MERGED from [com.facebook.fresco:fresco:1.3.0] AndroidManifest.xml:5:5-7:41
MERGED from [com.facebook.fresco:drawee:1.3.0] AndroidManifest.xml:5:5-7:41
MERGED from [com.facebook.fresco:imagepipeline-okhttp3:1.3.0] AndroidManifest.xml:5:5-7:41
MERGED from [com.facebook.fresco:imagepipeline:1.3.0] AndroidManifest.xml:5:5-7:41
MERGED from [com.facebook.fresco:imagepipeline-base:1.3.0] AndroidManifest.xml:5:5-7:41
MERGED from [com.facebook.fresco:fbcore:1.3.0] AndroidManifest.xml:5:5-7:41
MERGED from [com.facebook.soloader:soloader:0.1.0] AndroidManifest.xml:2:3-70
	tools:overrideLibrary
		ADDED from [com.android.support:appcompat-v7:23.4.0] AndroidManifest.xml:23:9-75
	android:targetSdkVersion
		ADDED from src/main/AndroidManifest.xml:32:9-38
		INJECTED from src/main/AndroidManifest.xml
		INJECTED from src/main/AndroidManifest.xml
	android:minSdkVersion
		ADDED from src/main/AndroidManifest.xml:31:9-35
		INJECTED from src/main/AndroidManifest.xml
		INJECTED from src/main/AndroidManifest.xml
application
ADDED from src/main/AndroidManifest.xml:34:5-52:19
MERGED from [physical:push:unspecified] AndroidManifest.xml:28:5-164:19
MERGED from [physical:umeng:unspecified] AndroidManifest.xml:32:5-74:19
MERGED from [com.meituan.android.walle:library:1.1.6] AndroidManifest.xml:10:5-11:19
MERGED from [physical:jcore-react-native:unspecified] AndroidManifest.xml:11:5-58:19
MERGED from [physical:jpush-react-native:unspecified] AndroidManifest.xml:38:5-102:19
MERGED from [physical:react-native-spinkit:unspecified] AndroidManifest.xml:11:5-14:19
MERGED from [physical:react-native-code-push:unspecified] AndroidManifest.xml:13:5-15:19
MERGED from [physical:react-native-fetch-blob:unspecified] AndroidManifest.xml:11:5-12:19
MERGED from [com.facebook.react:react-native:0.51.0] AndroidManifest.xml:13:5-20
MERGED from [com.android.support:appcompat-v7:23.4.0] AndroidManifest.xml:25:5-20
MERGED from [com.android.support:animated-vector-drawable:23.4.0] AndroidManifest.xml:7:5-20
MERGED from [com.android.support:support-vector-drawable:23.4.0] AndroidManifest.xml:7:5-20
MERGED from [com.android.support:support-v4:23.4.0] AndroidManifest.xml:22:5-20
MERGED from [com.facebook.soloader:soloader:0.1.0] AndroidManifest.xml:3:3-17
MERGED from [org.webkit:android-jsc:r174650] AndroidManifest.xml:2:3-17
	android:label
		ADDED from src/main/AndroidManifest.xml:38:9-41
	android:supportsRtl
		ADDED from [physical:react-native-spinkit:unspecified] AndroidManifest.xml:13:9-35
	android:allowBackup
		ADDED from src/main/AndroidManifest.xml:36:9-35
	android:icon
		ADDED from src/main/AndroidManifest.xml:37:9-43
	android:theme
		ADDED from src/main/AndroidManifest.xml:39:9-40
	android:name
		ADDED from src/main/AndroidManifest.xml:35:9-40
activity#com.physical.MainActivity
ADDED from src/main/AndroidManifest.xml:40:9-50:20
	android:screenOrientation
		ADDED from src/main/AndroidManifest.xml:44:13-49
	android:label
		ADDED from src/main/AndroidManifest.xml:43:13-45
	android:windowSoftInputMode
		ADDED from src/main/AndroidManifest.xml:45:13-55
	android:configChanges
		ADDED from src/main/AndroidManifest.xml:42:13-83
	android:name
		ADDED from src/main/AndroidManifest.xml:41:13-41
intent-filter#android.intent.action.MAIN+android.intent.category.LAUNCHER
ADDED from src/main/AndroidManifest.xml:46:13-49:29
action#android.intent.action.MAIN
ADDED from src/main/AndroidManifest.xml:47:17-69
	android:name
		ADDED from src/main/AndroidManifest.xml:47:25-66
category#android.intent.category.LAUNCHER
ADDED from src/main/AndroidManifest.xml:48:17-77
	android:name
		ADDED from src/main/AndroidManifest.xml:48:27-74
activity#com.facebook.react.devsupport.DevSettingsActivity
ADDED from src/main/AndroidManifest.xml:51:9-86
MERGED from [physical:react-native-code-push:unspecified] AndroidManifest.xml:14:9-86
	android:name
		ADDED from src/main/AndroidManifest.xml:51:19-83
uses-permission#android.permission.WAKE_LOCK
ADDED from [physical:push:unspecified] AndroidManifest.xml:15:5-68
MERGED from [physical:jpush-react-native:unspecified] AndroidManifest.xml:19:5-68
	android:name
		ADDED from [physical:push:unspecified] AndroidManifest.xml:15:22-65
uses-permission#android.permission.BROADCAST_PACKAGE_ADDED
ADDED from [physical:push:unspecified] AndroidManifest.xml:17:5-82
	android:name
		ADDED from [physical:push:unspecified] AndroidManifest.xml:17:22-79
uses-permission#android.permission.BROADCAST_PACKAGE_CHANGED
ADDED from [physical:push:unspecified] AndroidManifest.xml:18:5-84
	android:name
		ADDED from [physical:push:unspecified] AndroidManifest.xml:18:22-81
uses-permission#android.permission.BROADCAST_PACKAGE_INSTALL
ADDED from [physical:push:unspecified] AndroidManifest.xml:19:5-84
	android:name
		ADDED from [physical:push:unspecified] AndroidManifest.xml:19:22-81
uses-permission#android.permission.BROADCAST_PACKAGE_REPLACED
ADDED from [physical:push:unspecified] AndroidManifest.xml:20:5-85
	android:name
		ADDED from [physical:push:unspecified] AndroidManifest.xml:20:22-82
uses-permission#android.permission.RESTART_PACKAGES
ADDED from [physical:push:unspecified] AndroidManifest.xml:21:5-75
	android:name
		ADDED from [physical:push:unspecified] AndroidManifest.xml:21:22-72
uses-permission#android.permission.RECEIVE_BOOT_COMPLETED
ADDED from [physical:push:unspecified] AndroidManifest.xml:23:5-81
	android:name
		ADDED from [physical:push:unspecified] AndroidManifest.xml:23:22-78
uses-permission#android.permission.CHANGE_NETWORK_STATE
ADDED from [physical:push:unspecified] AndroidManifest.xml:24:5-79
MERGED from [physical:jpush-react-native:unspecified] AndroidManifest.xml:35:5-79
	android:name
		ADDED from [physical:push:unspecified] AndroidManifest.xml:24:22-76
uses-permission#android.permission.CHANGE_WIFI_STATE
ADDED from [physical:push:unspecified] AndroidManifest.xml:25:5-76
MERGED from [physical:jpush-react-native:unspecified] AndroidManifest.xml:32:5-76
	android:name
		ADDED from [physical:push:unspecified] AndroidManifest.xml:25:22-73
service#com.taobao.accs.ChannelService
ADDED from [physical:push:unspecified] AndroidManifest.xml:29:9-39:19
	android:process
		ADDED from [physical:push:unspecified] AndroidManifest.xml:32:13-39
	android:exported
		ADDED from [physical:push:unspecified] AndroidManifest.xml:31:13-36
	android:name
		ADDED from [physical:push:unspecified] AndroidManifest.xml:30:13-58
intent-filter#com.taobao.accs.intent.action.SERVICE
ADDED from [physical:push:unspecified] AndroidManifest.xml:33:13-35:29
action#com.taobao.accs.intent.action.SERVICE
ADDED from [physical:push:unspecified] AndroidManifest.xml:34:17-80
	android:name
		ADDED from [physical:push:unspecified] AndroidManifest.xml:34:25-77
intent-filter#com.taobao.accs.intent.action.ELECTION
ADDED from [physical:push:unspecified] AndroidManifest.xml:36:13-38:29
action#com.taobao.accs.intent.action.ELECTION
ADDED from [physical:push:unspecified] AndroidManifest.xml:37:17-81
	android:name
		ADDED from [physical:push:unspecified] AndroidManifest.xml:37:25-78
service#com.taobao.accs.data.MsgDistributeService
ADDED from [physical:push:unspecified] AndroidManifest.xml:40:9-46:19
	android:exported
		ADDED from [physical:push:unspecified] AndroidManifest.xml:42:13-36
	android:name
		ADDED from [physical:push:unspecified] AndroidManifest.xml:41:13-69
intent-filter#com.taobao.accs.intent.action.RECEIVE
ADDED from [physical:push:unspecified] AndroidManifest.xml:43:13-45:29
action#com.taobao.accs.intent.action.RECEIVE
ADDED from [physical:push:unspecified] AndroidManifest.xml:44:17-80
	android:name
		ADDED from [physical:push:unspecified] AndroidManifest.xml:44:25-77
receiver#com.taobao.accs.EventReceiver
ADDED from [physical:push:unspecified] AndroidManifest.xml:48:9-65:20
	android:process
		ADDED from [physical:push:unspecified] AndroidManifest.xml:50:13-39
	android:name
		ADDED from [physical:push:unspecified] AndroidManifest.xml:49:13-57
intent-filter#android.intent.action.BOOT_COMPLETED
ADDED from [physical:push:unspecified] AndroidManifest.xml:51:13-53:29
action#android.intent.action.BOOT_COMPLETED
ADDED from [physical:push:unspecified] AndroidManifest.xml:52:17-79
	android:name
		ADDED from [physical:push:unspecified] AndroidManifest.xml:52:25-76
intent-filter#android.net.conn.CONNECTIVITY_CHANGE
ADDED from [physical:push:unspecified] AndroidManifest.xml:54:13-56:29
action#android.net.conn.CONNECTIVITY_CHANGE
ADDED from [physical:push:unspecified] AndroidManifest.xml:55:17-79
	android:name
		ADDED from [physical:push:unspecified] AndroidManifest.xml:55:25-76
intent-filter#android.intent.action.PACKAGE_REMOVED
ADDED from [physical:push:unspecified] AndroidManifest.xml:57:13-61:29
action#android.intent.action.PACKAGE_REMOVED
ADDED from [physical:push:unspecified] AndroidManifest.xml:58:17-80
	android:name
		ADDED from [physical:push:unspecified] AndroidManifest.xml:58:25-77
data
ADDED from [physical:push:unspecified] AndroidManifest.xml:60:17-50
	android:scheme
		ADDED from [physical:push:unspecified] AndroidManifest.xml:60:23-47
intent-filter#android.intent.action.USER_PRESENT
ADDED from [physical:push:unspecified] AndroidManifest.xml:62:13-64:29
action#android.intent.action.USER_PRESENT
ADDED from [physical:push:unspecified] AndroidManifest.xml:63:17-77
	android:name
		ADDED from [physical:push:unspecified] AndroidManifest.xml:63:25-74
receiver#com.taobao.accs.ServiceReceiver
ADDED from [physical:push:unspecified] AndroidManifest.xml:66:9-75:20
	android:process
		ADDED from [physical:push:unspecified] AndroidManifest.xml:68:13-39
	android:name
		ADDED from [physical:push:unspecified] AndroidManifest.xml:67:13-59
intent-filter#com.taobao.accs.intent.action.COMMAND
ADDED from [physical:push:unspecified] AndroidManifest.xml:69:13-71:29
action#com.taobao.accs.intent.action.COMMAND
ADDED from [physical:push:unspecified] AndroidManifest.xml:70:17-80
	android:name
		ADDED from [physical:push:unspecified] AndroidManifest.xml:70:25-77
intent-filter#com.taobao.accs.intent.action.START_FROM_AGOO
ADDED from [physical:push:unspecified] AndroidManifest.xml:72:13-74:29
action#com.taobao.accs.intent.action.START_FROM_AGOO
ADDED from [physical:push:unspecified] AndroidManifest.xml:73:17-88
	android:name
		ADDED from [physical:push:unspecified] AndroidManifest.xml:73:25-85
service#com.taobao.accs.internal.AccsJobService
ADDED from [physical:push:unspecified] AndroidManifest.xml:77:9-80:42
	android:process
		ADDED from [physical:push:unspecified] AndroidManifest.xml:80:13-39
	android:permission
		ADDED from [physical:push:unspecified] AndroidManifest.xml:79:13-69
	android:name
		ADDED from [physical:push:unspecified] AndroidManifest.xml:78:13-67
service#com.taobao.accs.ChannelService$KernelService
ADDED from [physical:push:unspecified] AndroidManifest.xml:81:9-83:42
	android:process
		ADDED from [physical:push:unspecified] AndroidManifest.xml:83:13-39
	android:name
		ADDED from [physical:push:unspecified] AndroidManifest.xml:82:13-72
service#org.android.agoo.accs.AgooService
ADDED from [physical:push:unspecified] AndroidManifest.xml:84:9-90:19
	android:exported
		ADDED from [physical:push:unspecified] AndroidManifest.xml:86:13-36
	android:name
		ADDED from [physical:push:unspecified] AndroidManifest.xml:85:13-61
service#com.umeng.message.UmengIntentService
ADDED from [physical:push:unspecified] AndroidManifest.xml:91:9-98:19
	android:process
		ADDED from [physical:push:unspecified] AndroidManifest.xml:94:13-39
	android:exported
		ADDED from [physical:push:unspecified] AndroidManifest.xml:93:13-36
	android:name
		ADDED from [physical:push:unspecified] AndroidManifest.xml:92:13-64
intent-filter#org.agoo.android.intent.action.RECEIVE
ADDED from [physical:push:unspecified] AndroidManifest.xml:95:13-97:29
action#org.agoo.android.intent.action.RECEIVE
ADDED from [physical:push:unspecified] AndroidManifest.xml:96:17-81
	android:name
		ADDED from [physical:push:unspecified] AndroidManifest.xml:96:25-78
service#com.umeng.message.XiaomiIntentService
ADDED from [physical:push:unspecified] AndroidManifest.xml:99:9-106:19
	android:process
		ADDED from [physical:push:unspecified] AndroidManifest.xml:102:13-39
	android:exported
		ADDED from [physical:push:unspecified] AndroidManifest.xml:101:13-36
	android:name
		ADDED from [physical:push:unspecified] AndroidManifest.xml:100:13-65
receiver#com.taobao.agoo.AgooCommondReceiver
ADDED from [physical:push:unspecified] AndroidManifest.xml:108:9-120:20
	android:process
		ADDED from [physical:push:unspecified] AndroidManifest.xml:111:13-39
	android:exported
		ADDED from [physical:push:unspecified] AndroidManifest.xml:110:13-36
	android:name
		ADDED from [physical:push:unspecified] AndroidManifest.xml:109:13-63
intent-filter#${applicationId}.intent.action.COMMAND
ADDED from [physical:push:unspecified] AndroidManifest.xml:112:13-114:29
action#${applicationId}.intent.action.COMMAND
ADDED from [physical:push:unspecified] AndroidManifest.xml:113:17-81
	android:name
		ADDED from [physical:push:unspecified] AndroidManifest.xml:113:25-78
service#com.umeng.message.UmengMessageIntentReceiverService
ADDED from [physical:push:unspecified] AndroidManifest.xml:122:9-129:19
	android:process
		ADDED from [physical:push:unspecified] AndroidManifest.xml:125:13-39
	android:exported
		ADDED from [physical:push:unspecified] AndroidManifest.xml:124:13-36
	android:name
		ADDED from [physical:push:unspecified] AndroidManifest.xml:123:13-79
intent-filter#org.android.agoo.client.MessageReceiverService
ADDED from [physical:push:unspecified] AndroidManifest.xml:126:13-128:29
action#org.android.agoo.client.MessageReceiverService
ADDED from [physical:push:unspecified] AndroidManifest.xml:127:17-89
	android:name
		ADDED from [physical:push:unspecified] AndroidManifest.xml:127:25-86
receiver#com.umeng.message.NotificationProxyBroadcastReceiver
ADDED from [physical:push:unspecified] AndroidManifest.xml:131:9-133:40
	android:exported
		ADDED from [physical:push:unspecified] AndroidManifest.xml:133:13-37
	android:name
		ADDED from [physical:push:unspecified] AndroidManifest.xml:132:13-80
service#com.umeng.message.UmengMessageCallbackHandlerService
ADDED from [physical:push:unspecified] AndroidManifest.xml:135:9-153:19
	android:exported
		ADDED from [physical:push:unspecified] AndroidManifest.xml:137:13-37
	android:name
		ADDED from [physical:push:unspecified] AndroidManifest.xml:136:13-80
intent-filter#com.umeng.messge.registercallback.action
ADDED from [physical:push:unspecified] AndroidManifest.xml:138:13-140:29
action#com.umeng.messge.registercallback.action
ADDED from [physical:push:unspecified] AndroidManifest.xml:139:17-83
	android:name
		ADDED from [physical:push:unspecified] AndroidManifest.xml:139:25-80
intent-filter#com.umeng.message.enablecallback.action
ADDED from [physical:push:unspecified] AndroidManifest.xml:141:13-143:29
action#com.umeng.message.enablecallback.action
ADDED from [physical:push:unspecified] AndroidManifest.xml:142:17-82
	android:name
		ADDED from [physical:push:unspecified] AndroidManifest.xml:142:25-79
intent-filter#com.umeng.message.disablecallback.action
ADDED from [physical:push:unspecified] AndroidManifest.xml:144:13-146:29
action#com.umeng.message.disablecallback.action
ADDED from [physical:push:unspecified] AndroidManifest.xml:145:17-83
	android:name
		ADDED from [physical:push:unspecified] AndroidManifest.xml:145:25-80
intent-filter#com.umeng.message.message.handler.action
ADDED from [physical:push:unspecified] AndroidManifest.xml:147:13-149:29
action#com.umeng.message.message.handler.action
ADDED from [physical:push:unspecified] AndroidManifest.xml:148:17-83
	android:name
		ADDED from [physical:push:unspecified] AndroidManifest.xml:148:25-80
intent-filter#com.umeng.message.message.sendmessage.action
ADDED from [physical:push:unspecified] AndroidManifest.xml:150:13-152:29
action#com.umeng.message.message.sendmessage.action
ADDED from [physical:push:unspecified] AndroidManifest.xml:151:17-87
	android:name
		ADDED from [physical:push:unspecified] AndroidManifest.xml:151:25-84
service#com.umeng.message.UmengDownloadResourceService
ADDED from [physical:push:unspecified] AndroidManifest.xml:154:9-156:40
	android:exported
		ADDED from [physical:push:unspecified] AndroidManifest.xml:156:13-37
	android:name
		ADDED from [physical:push:unspecified] AndroidManifest.xml:155:13-74
provider#com.umeng.message.provider.MessageProvider
ADDED from [physical:push:unspecified] AndroidManifest.xml:158:9-163:20
	android:authorities
		ADDED from [physical:push:unspecified] AndroidManifest.xml:160:13-65
	android:exported
		ADDED from [physical:push:unspecified] AndroidManifest.xml:161:13-37
	android:name
		ADDED from [physical:push:unspecified] AndroidManifest.xml:159:13-70
grant-uri-permission
ADDED from [physical:push:unspecified] AndroidManifest.xml:162:13-62
	android:pathPattern
		ADDED from [physical:push:unspecified] AndroidManifest.xml:162:35-59
activity#com.physical.wxapi.WXEntryActivity
ADDED from [physical:umeng:unspecified] AndroidManifest.xml:33:9-38:75
	android:screenOrientation
		ADDED from [physical:umeng:unspecified] AndroidManifest.xml:37:13-49
	android:exported
		ADDED from [physical:umeng:unspecified] AndroidManifest.xml:36:13-36
	android:configChanges
		ADDED from [physical:umeng:unspecified] AndroidManifest.xml:35:13-74
	android:theme
		ADDED from [physical:umeng:unspecified] AndroidManifest.xml:38:13-72
	android:name
		ADDED from [physical:umeng:unspecified] AndroidManifest.xml:34:13-62
activity#com.tencent.tauth.AuthActivity
ADDED from [physical:umeng:unspecified] AndroidManifest.xml:39:9-52:20
	android:screenOrientation
		ADDED from [physical:umeng:unspecified] AndroidManifest.xml:43:13-49
	android:launchMode
		ADDED from [physical:umeng:unspecified] AndroidManifest.xml:41:13-44
	android:noHistory
		ADDED from [physical:umeng:unspecified] AndroidManifest.xml:42:13-37
	android:name
		ADDED from [physical:umeng:unspecified] AndroidManifest.xml:40:13-58
intent-filter#android.intent.action.VIEW+android.intent.category.BROWSABLE+android.intent.category.DEFAULT
ADDED from [physical:umeng:unspecified] AndroidManifest.xml:44:13-51:29
action#android.intent.action.VIEW
ADDED from [physical:umeng:unspecified] AndroidManifest.xml:45:17-69
	android:name
		ADDED from [physical:umeng:unspecified] AndroidManifest.xml:45:25-66
category#android.intent.category.DEFAULT
ADDED from [physical:umeng:unspecified] AndroidManifest.xml:47:17-76
	android:name
		ADDED from [physical:umeng:unspecified] AndroidManifest.xml:47:27-73
category#android.intent.category.BROWSABLE
ADDED from [physical:umeng:unspecified] AndroidManifest.xml:48:17-78
	android:name
		ADDED from [physical:umeng:unspecified] AndroidManifest.xml:48:27-75
activity#com.tencent.connect.common.AssistActivity
ADDED from [physical:umeng:unspecified] AndroidManifest.xml:53:9-57:75
	android:screenOrientation
		ADDED from [physical:umeng:unspecified] AndroidManifest.xml:56:13-49
	android:configChanges
		ADDED from [physical:umeng:unspecified] AndroidManifest.xml:55:13-74
	android:theme
		ADDED from [physical:umeng:unspecified] AndroidManifest.xml:57:13-72
	android:name
		ADDED from [physical:umeng:unspecified] AndroidManifest.xml:54:13-69
activity#com.physical.WBShareActivity
ADDED from [physical:umeng:unspecified] AndroidManifest.xml:58:9-67:20
	android:screenOrientation
		ADDED from [physical:umeng:unspecified] AndroidManifest.xml:61:13-49
	android:configChanges
		ADDED from [physical:umeng:unspecified] AndroidManifest.xml:60:13-63
	android:name
		ADDED from [physical:umeng:unspecified] AndroidManifest.xml:59:13-56
intent-filter#android.intent.category.DEFAULT+com.sina.weibo.sdk.action.ACTION_SDK_REQ_ACTIVITY
ADDED from [physical:umeng:unspecified] AndroidManifest.xml:62:13-66:29
action#com.sina.weibo.sdk.action.ACTION_SDK_REQ_ACTIVITY
ADDED from [physical:umeng:unspecified] AndroidManifest.xml:63:17-92
	android:name
		ADDED from [physical:umeng:unspecified] AndroidManifest.xml:63:25-89
activity#com.sina.weibo.sdk.component.WeiboSdkBrowser
ADDED from [physical:umeng:unspecified] AndroidManifest.xml:68:9-73:58
	android:screenOrientation
		ADDED from [physical:umeng:unspecified] AndroidManifest.xml:72:13-49
	android:exported
		ADDED from [physical:umeng:unspecified] AndroidManifest.xml:71:13-37
	android:windowSoftInputMode
		ADDED from [physical:umeng:unspecified] AndroidManifest.xml:73:13-55
	android:configChanges
		ADDED from [physical:umeng:unspecified] AndroidManifest.xml:70:13-63
	android:name
		ADDED from [physical:umeng:unspecified] AndroidManifest.xml:69:13-72
service#cn.jpush.android.service.PushService
ADDED from [physical:jcore-react-native:unspecified] AndroidManifest.xml:16:9-26:19
	android:enabled
		ADDED from [physical:jcore-react-native:unspecified] AndroidManifest.xml:18:13-35
	android:exported
		ADDED from [physical:jcore-react-native:unspecified] AndroidManifest.xml:19:13-37
	android:name
		ADDED from [physical:jcore-react-native:unspecified] AndroidManifest.xml:17:13-64
intent-filter#cn.jpush.android.intent.PUSH_TIME+cn.jpush.android.intent.PushService+cn.jpush.android.intent.REGISTER+cn.jpush.android.intent.REPORT
ADDED from [physical:jcore-react-native:unspecified] AndroidManifest.xml:20:13-25:29
action#cn.jpush.android.intent.REGISTER
ADDED from [physical:jcore-react-native:unspecified] AndroidManifest.xml:21:17-75
	android:name
		ADDED from [physical:jcore-react-native:unspecified] AndroidManifest.xml:21:25-72
action#cn.jpush.android.intent.REPORT
ADDED from [physical:jcore-react-native:unspecified] AndroidManifest.xml:22:17-73
	android:name
		ADDED from [physical:jcore-react-native:unspecified] AndroidManifest.xml:22:25-70
action#cn.jpush.android.intent.PushService
ADDED from [physical:jcore-react-native:unspecified] AndroidManifest.xml:23:17-78
	android:name
		ADDED from [physical:jcore-react-native:unspecified] AndroidManifest.xml:23:25-75